[04:03:31] [Server thread/INFO]: Starting minecraft server version 1.12.2
[04:03:31] [Server thread/INFO]: Loading properties
[04:03:31] [Server thread/INFO]: Default game type: SURVIVAL
[04:03:31] [Server thread/INFO]: Generating keypair
[04:03:31] [Server thread/INFO]: Starting Minecraft server on *:25565
[04:03:31] [Server thread/INFO]: Using epoll channel type
[04:03:31] [Server thread/WARN]: **** SERVER IS RUNNING IN OFFLINE/INSECURE MODE!
[04:03:31] [Server thread/WARN]: The server will make no attempt to authenticate usernames. Beware.
[04:03:31] [Server thread/WARN]: While this makes the game possible to play without internet access, it also opens up the ability for hackers to connect with any username they choose.
[04:03:31] [Server thread/WARN]: To change this, set "online-mode" to "true" in the server.properties file.
[04:03:31] [Server thread/INFO]: Preparing level "world"
[04:03:31] [Server thread/INFO]: Loaded 488 advancements
[04:03:31] [Server thread/INFO]: Preparing start region for level 0
[04:03:32] [Server thread/INFO]: Preparing spawn area: 56%
[04:03:33] [Server thread/INFO]: Done (1.490s)! For help, type "help" or "?"
[04:08:04] [Server thread/INFO]: ZARAZA[/192.168.191.118:38032] logged in with entity id 327 at (-175.69999998807907, 74.0, 296.7003333970861)
[04:08:04] [Server thread/INFO]: ZARAZA joined the game
[04:10:44] [Server thread/INFO]: ZARAZA has made the advancement [Acquire Hardware]
[04:45:00] [Server thread/INFO]: Neobris[/192.168.191.164:64065] logged in with entity id 42478 at (-199.5, 68.0, 318.5)
[04:45:00] [Server thread/INFO]: Neobris joined the game
[04:45:47] [Server thread/INFO]: Neobris lost connection: Disconnected
[04:45:47] [Server thread/INFO]: Neobris left the game
[04:54:08] [Server thread/INFO]: Neobris[/192.168.191.164:64587] logged in with entity id 53695 at (-177.30000001192093, 70.0, 321.69999998807907)
[04:54:08] [Server thread/INFO]: Neobris joined the game
[04:54:58] [Server thread/INFO]: Neobris has made the advancement [Getting an Upgrade]
[04:56:04] [Server thread/INFO]: Neobris has made the advancement [A Seedy Place]
[04:57:41] [Server thread/INFO]: Neobris has made the advancement [Stone Age]
[05:01:01] [Server thread/WARN]: ZARAZA moved too quickly! 2.1879309521332857,0.0,-9.955878031253121
[05:06:00] [Server thread/INFO]: Neobris has made the advancement [Monster Hunter]
[05:08:18] [Server thread/INFO]: Neobris has made the advancement [Sweet dreams]
[05:24:05] [Server thread/INFO]: ZARAZA lost connection: Disconnected
[05:24:05] [Server thread/INFO]: ZARAZA left the game
[06:26:57] [Server thread/INFO]: Neobris lost connection: Disconnected
[06:26:57] [Server thread/INFO]: Neobris left the game
